docker exec -it 4fd2f7864484 bash
mysql -uroot -pyourpassword


解决Host 'gateway' is not allowed to connect to this MySQL server

mysql> use mysql
mysql> show tables

mysql> select 'host' from user where user='root';

mysql> update user set host = '%' where user ='root';
Query OK, 1 row affected (0.02 sec)
Rows matched: 1  Changed: 1  Warnings: 0

mysql> flush privileges;
Query OK, 0 rows affected (0.01 sec)

mysql> select 'host' from user where user='root';
+------+
| host |
+------+
| host |
+------+
1 row in set (0.00 sec)


		mysql> use mysql;
Database changed
mysql> ALTER USER 'root'@'%' IDENTIFIED WITH mysql_native_password BY 'yourpassword';
Query OK, 0 rows affected (0.01 sec)

mysql> CREATE DATABASE `cmall`;
Query OK, 1 row affected (0.01 sec)

mysql> use cmall;
Database changed

